<?xml version="1.0" encoding="UTF-8"?>
<testng-results ignored="5" total="6" passed="1" failed="0" skipped="0">
  <reporter-output>
  </reporter-output>
  <suite started-at="2022-02-18T22:18:37 IST" name="Default suite" finished-at="2022-02-18T22:18:41 IST" duration-ms="3297">
    <groups>
    </groups>
    <test started-at="2022-02-18T22:18:37 IST" name="Default test" finished-at="2022-02-18T22:18:41 IST" duration-ms="3297">
      <class name="testCases.SeleniumAdvancedMethods">
        <test-method is-config="true" signature="openBrowser()[pri:0, instance:testCases.SeleniumAdvancedMethods@13e344d]" started-at="2022-02-18T22:18:37 IST" name="openBrowser" finished-at="2022-02-18T22:18:40 IST" duration-ms="2597" status="PASS">
          <reporter-output>
          </reporter-output>
        </test-method> <!-- openBrowser -->
        <test-method signature="downloadFiles()[pri:0, instance:testCases.SeleniumAdvancedMethods@13e344d]" started-at="2022-02-18T22:18:40 IST" name="downloadFiles" finished-at="2022-02-18T22:18:41 IST" duration-ms="670" status="PASS">
          <reporter-output>
          </reporter-output>
        </test-method> <!-- downloadFiles -->
      </class> <!-- testCases.SeleniumAdvancedMethods -->
    </test> <!-- Default test -->
  </suite> <!-- Default suite -->
</testng-results>
