<?xml version="1.0" encoding="UTF-8"?>
<testng-results ignored="0" total="6" passed="6" failed="0" skipped="0">
  <reporter-output>
  </reporter-output>
  <suite started-at="2022-02-21T21:02:34 IST" name="Default suite" finished-at="2022-02-21T21:02:34 IST" duration-ms="58">
    <groups>
    </groups>
    <test started-at="2022-02-21T21:02:34 IST" name="Default test" finished-at="2022-02-21T21:02:34 IST" duration-ms="58">
      <class name="testCases.DataProviderExample">
        <test-method signature="example(java.lang.String,java.lang.String)[pri:0, instance:testCases.DataProviderExample@b9b00e0]" started-at="2022-02-21T21:02:34 IST" name="example" data-provider="loginData" finished-at="2022-02-21T21:02:34 IST" duration-ms="6" status="PASS">
          <params>
            <param index="0">
              <value>
                <![CDATA[input1]]>
              </value>
            </param>
            <param index="1">
              <value>
                <![CDATA[output1]]>
              </value>
            </param>
          </params>
          <reporter-output>
          </reporter-output>
        </test-method> <!-- example -->
        <test-method signature="example(java.lang.String,java.lang.String)[pri:0, instance:testCases.DataProviderExample@b9b00e0]" started-at="2022-02-21T21:02:34 IST" name="example" data-provider="loginData" finished-at="2022-02-21T21:02:34 IST" duration-ms="1" status="PASS">
          <params>
            <param index="0">
              <value>
                <![CDATA[input2]]>
              </value>
            </param>
            <param index="1">
              <value>
                <![CDATA[output2]]>
              </value>
            </param>
          </params>
          <reporter-output>
          </reporter-output>
        </test-method> <!-- example -->
        <test-method signature="example(java.lang.String,java.lang.String)[pri:0, instance:testCases.DataProviderExample@b9b00e0]" started-at="2022-02-21T21:02:34 IST" name="example" data-provider="loginData" finished-at="2022-02-21T21:02:34 IST" duration-ms="2" status="PASS">
          <params>
            <param index="0">
              <value>
                <![CDATA[input3]]>
              </value>
            </param>
            <param index="1">
              <value>
                <![CDATA[output3]]>
              </value>
            </param>
          </params>
          <reporter-output>
          </reporter-output>
        </test-method> <!-- example -->
        <test-method signature="example(java.lang.String,java.lang.String)[pri:0, instance:testCases.DataProviderExample@b9b00e0]" started-at="2022-02-21T21:02:34 IST" name="example" data-provider="loginData" finished-at="2022-02-21T21:02:34 IST" duration-ms="1" status="PASS">
          <params>
            <param index="0">
              <value>
                <![CDATA[input4]]>
              </value>
            </param>
            <param index="1">
              <value>
                <![CDATA[output4]]>
              </value>
            </param>
          </params>
          <reporter-output>
          </reporter-output>
        </test-method> <!-- example -->
        <test-method signature="example(java.lang.String,java.lang.String)[pri:0, instance:testCases.DataProviderExample@b9b00e0]" started-at="2022-02-21T21:02:34 IST" name="example" data-provider="loginData" finished-at="2022-02-21T21:02:34 IST" duration-ms="1" status="PASS">
          <params>
            <param index="0">
              <value>
                <![CDATA[input5]]>
              </value>
            </param>
            <param index="1">
              <value>
                <![CDATA[output5]]>
              </value>
            </param>
          </params>
          <reporter-output>
          </reporter-output>
        </test-method> <!-- example -->
        <test-method signature="example(java.lang.String,java.lang.String)[pri:0, instance:testCases.DataProviderExample@b9b00e0]" started-at="2022-02-21T21:02:34 IST" name="example" data-provider="loginData" finished-at="2022-02-21T21:02:34 IST" duration-ms="2" status="PASS">
          <params>
            <param index="0">
              <value>
                <![CDATA[input6]]>
              </value>
            </param>
            <param index="1">
              <value>
                <![CDATA[output6]]>
              </value>
            </param>
          </params>
          <reporter-output>
          </reporter-output>
        </test-method> <!-- example -->
      </class> <!-- testCases.DataProviderExample -->
    </test> <!-- Default test -->
  </suite> <!-- Default suite -->
</testng-results>
