<?xml version="1.0" encoding="UTF-8"?>
<!-- Generated by org.testng.reporters.JUnitXMLReporter -->
<testsuite ignored="6" hostname="Yolo-11" failures="0" tests="1" name="Default test" time="3.536" errors="0" timestamp="2022-02-15T21:41:09 IST">
  <testcase classname="testCases.BasicSeleniumMethods" name="checkBoxes" time="0.953"/>
  <testcase classname="testCases.BasicSeleniumMethods" name="textBox" time="0.0">
    <ignored/>
  </testcase> <!-- textBox -->
  <testcase classname="testCases.BasicSeleniumMethods" name="dropDowns" time="0.0">
    <ignored/>
  </testcase> <!-- dropDowns -->
  <testcase classname="testCases.BasicSeleniumMethods" name="alerts" time="0.0">
    <ignored/>
  </testcase> <!-- alerts -->
  <testcase classname="testCases.BasicSeleniumMethods" name="buttons" time="0.0">
    <ignored/>
  </testcase> <!-- buttons -->
  <testcase classname="testCases.BasicSeleniumMethods" name="radiobuttons" time="0.0">
    <ignored/>
  </testcase> <!-- radiobuttons -->
  <testcase classname="testCases.BasicSeleniumMethods" name="links" time="0.0">
    <ignored/>
  </testcase> <!-- links -->
</testsuite> <!-- Default test -->
