<?xml version="1.0" encoding="UTF-8"?>
<!-- Generated by org.testng.reporters.JUnitXMLReporter -->
<testsuite ignored="8" hostname="Yolo-11" failures="0" tests="1" name="Default test" time="8.54" errors="0" timestamp="2022-02-25T14:45:39 IST">
  <testcase classname="testCases.SeleniumInterview" name="pagination" time="5.366"/>
  <testcase classname="testCases.SeleniumInterview" name="skipException" time="0.0">
    <ignored/>
  </testcase> <!-- skipException -->
  <testcase classname="testCases.SeleniumInterview" name="exception" time="0.0">
    <ignored/>
  </testcase> <!-- exception -->
  <testcase classname="testCases.SeleniumInterview" name="underlined" time="0.0">
    <ignored/>
  </testcase> <!-- underlined -->
  <testcase classname="testCases.SeleniumInterview" name="failedretry2" time="0.0">
    <ignored/>
  </testcase> <!-- failedretry2 -->
  <testcase classname="testCases.SeleniumInterview" name="failedretry1" time="0.0">
    <ignored/>
  </testcase> <!-- failedretry1 -->
  <testcase classname="testCases.SeleniumInterview" name="sendkeys" time="0.0">
    <ignored/>
  </testcase> <!-- sendkeys -->
  <testcase classname="testCases.SeleniumInterview" name="scrolling" time="0.0">
    <ignored/>
  </testcase> <!-- scrolling -->
  <testcase classname="testCases.SeleniumInterview" name="url" time="0.0">
    <ignored/>
  </testcase> <!-- url -->
</testsuite> <!-- Default test -->
